0 info it worked if it ends with ok
1 verbose cli [ 'C:\\Program Files\\nodejs\\node.exe',
1 verbose cli   'C:\\ProgramData\\Microsoft\\VisualStudio\\MDA\\f8d024ac\\taco-toolset-6.3.1\\node_modules\\npm\\bin\\npm-cli.js',
1 verbose cli   'start' ]
2 info using npm@2.15.10
3 info using node@v10.15.1
4 verbose run-script [ 'prestart', 'start', 'poststart' ]
5 info prestart flagship@0.0.1
6 info start flagship@0.0.1
7 verbose unsafe-perm in lifecycle true
8 info flagship@0.0.1 Failed to exec start script
9 verbose stack Error: flagship@0.0.1 start: `gulp watch`
9 verbose stack Exit status 1
9 verbose stack     at EventEmitter.<anonymous> (C:\ProgramData\Microsoft\VisualStudio\MDA\f8d024ac\taco-toolset-6.3.1\node_modules\npm\lib\utils\lifecycle.js:217:16)
9 verbose stack     at EventEmitter.emit (events.js:189:13)
9 verbose stack     at ChildProcess.<anonymous> (C:\ProgramData\Microsoft\VisualStudio\MDA\f8d024ac\taco-toolset-6.3.1\node_modules\npm\lib\utils\spawn.js:24:14)
9 verbose stack     at ChildProcess.emit (events.js:189:13)
9 verbose stack     at maybeClose (internal/child_process.js:970:16)
9 verbose stack     at Process.ChildProcess._handle.onexit (internal/child_process.js:259:5)
10 verbose pkgid flagship@0.0.1
11 verbose cwd G:\vijit\flagship
12 error Windows_NT 10.0.17134
13 error argv "C:\\Program Files\\nodejs\\node.exe" "C:\\ProgramData\\Microsoft\\VisualStudio\\MDA\\f8d024ac\\taco-toolset-6.3.1\\node_modules\\npm\\bin\\npm-cli.js" "start"
14 error node v10.15.1
15 error npm  v2.15.10
16 error code ELIFECYCLE
17 error flagship@0.0.1 start: `gulp watch`
17 error Exit status 1
18 error Failed at the flagship@0.0.1 start script 'gulp watch'.
18 error This is most likely a problem with the flagship package,
18 error not with npm itself.
18 error Tell the author that this fails on your system:
18 error     gulp watch
18 error You can get information on how to open an issue for this project with:
18 error     npm bugs flagship
18 error Or if that isn't available, you can get their info via:
18 error
18 error     npm owner ls flagship
18 error There is likely additional logging output above.
19 verbose exit [ 1, true ]
